This file contains any messages produced by compilers while
running configure, to aid debugging if configure makes a mistake.

It was created by Effercio configure 1.1.1, which was
generated by GNU Autoconf 2.69.  Invocation command line was

  $ ./configure --with-autodock-path=/opt/AutoDock/4.2.6/gnu/8.2.0/bin/autodock4 --with-mgltools=/opt/MGLTools/1.5.7 --with-mopac=/opt/mopac/2016 CC=mpicc --disable-static CFLAGS=-ggdb -O0 -DDEBUG -DGDBDEBUG --no-create --no-recursion

## --------- ##
## Platform. ##
## --------- ##

hostname = ccg52
uname -m = x86_64
uname -r = 3.10.0-693.17.1.el7.x86_64
uname -s = Linux
uname -v = #1 SMP Thu Jan 25 20:13:58 UTC 2018

/usr/bin/uname -p = x86_64
/bin/uname -X     = unknown

/bin/arch              = x86_64
/usr/bin/arch -k       = unknown
/usr/convex/getsysinfo = unknown
/usr/bin/hostinfo      = unknown
/bin/machine           = unknown
/usr/bin/oslevel       = unknown
/bin/universe          = unknown

PATH: /opt/openmpi/3.1.6/gnu/8.2.0/bin
PATH: /opt/gcc/8.2.0/bin
PATH: /usr/lib64/qt-3.3/bin
PATH: /usr/local/cuda/bin
PATH: /usr/local/bin
PATH: /usr/local/sbin
PATH: /usr/bin
PATH: /usr/sbin
PATH: /bin
PATH: /sbin
PATH: /home/aferreira/Software/go/bin


## ----------- ##
## Core tests. ##
## ----------- ##

configure:2290: checking for a BSD-compatible install
configure:2358: result: /usr/bin/install -c
configure:2369: checking whether build environment is sane
configure:2424: result: yes
configure:2575: checking for a thread-safe mkdir -p
configure:2614: result: /usr/bin/mkdir -p
configure:2621: checking for gawk
configure:2637: found /usr/bin/gawk
configure:2648: result: gawk
configure:2659: checking whether make sets $(MAKE)
configure:2681: result: yes
configure:2710: checking whether make supports nested variables
configure:2727: result: yes
configure:2967: checking for C compiler version
configure:2976: mpicc --version >&5
gcc (GCC) 8.2.0
Copyright (C) 2018 Free Software Foundation, Inc.
This is free software; see the source for copying conditions.  There is NO
warranty; not even for MERCHANTABILITY or FITNESS FOR A PARTICULAR PURPOSE.

configure:2987: $? = 0
configure:2976: mpicc -v >&5
Using built-in specs.
COLLECT_GCC=/opt/gcc/8.2.0/bin/gcc
COLLECT_LTO_WRAPPER=/opt/gcc/8.2.0/libexec/gcc/x86_64-pc-linux-gnu/8.2.0/lto-wrapper
Target: x86_64-pc-linux-gnu
Configured with: ./configure --prefix=/opt/gcc/8.2.0 --enable-languages=c,c++,fortran --disable-multilib
Thread model: posix
gcc version 8.2.0 (GCC) 
configure:2987: $? = 0
configure:2976: mpicc -V >&5
gcc: error: unrecognized command line option '-V'
gcc: fatal error: no input files
compilation terminated.
configure:2987: $? = 1
configure:2976: mpicc -qversion >&5
gcc: error: unrecognized command line option '-qversion'; did you mean '--version'?
gcc: fatal error: no input files
compilation terminated.
configure:2987: $? = 1
configure:3007: checking whether the C compiler works
configure:3029: mpicc -ggdb -O0 -DDEBUG -DGDBDEBUG   conftest.c  >&5
configure:3033: $? = 0
configure:3081: result: yes
configure:3084: checking for C compiler default output file name
configure:3086: result: a.out
configure:3092: checking for suffix of executables
configure:3099: mpicc -o conftest -ggdb -O0 -DDEBUG -DGDBDEBUG   conftest.c  >&5
configure:3103: $? = 0
configure:3125: result: 
configure:3147: checking whether we are cross compiling
configure:3155: mpicc -o conftest -ggdb -O0 -DDEBUG -DGDBDEBUG   conftest.c  >&5
configure:3159: $? = 0
configure:3166: ./conftest
configure:3170: $? = 0
configure:3185: result: no
configure:3190: checking for suffix of object files
configure:3212: mpicc -c -ggdb -O0 -DDEBUG -DGDBDEBUG  conftest.c >&5
configure:3216: $? = 0
configure:3237: result: o
configure:3241: checking whether we are using the GNU C compiler
configure:3260: mpicc -c -ggdb -O0 -DDEBUG -DGDBDEBUG  conftest.c >&5
configure:3260: $? = 0
configure:3269: result: yes
configure:3278: checking whether mpicc accepts -g
configure:3298: mpicc -c -g  conftest.c >&5
configure:3298: $? = 0
configure:3339: result: yes
configure:3356: checking for mpicc option to accept ISO C89
configure:3419: mpicc  -c -ggdb -O0 -DDEBUG -DGDBDEBUG  conftest.c >&5
configure:3419: $? = 0
configure:3432: result: none needed
configure:3457: checking whether mpicc understands -c and -o together
configure:3479: mpicc -c conftest.c -o conftest2.o
configure:3482: $? = 0
configure:3479: mpicc -c conftest.c -o conftest2.o
configure:3482: $? = 0
configure:3494: result: yes
configure:3514: checking whether make supports the include directive
configure:3529: make -f confmf.GNU && cat confinc.out
make[1]: Entering directory `/home/aferreira/Programming/Effercio'
make[1]: Leaving directory `/home/aferreira/Programming/Effercio'
this is the am__doit target
configure:3532: $? = 0
configure:3551: result: yes (GNU style)
configure:3576: checking dependency style of mpicc
configure:3687: result: gcc3
configure:3710: checking for sin in -lm
configure:3735: mpicc -o conftest -ggdb -O0 -DDEBUG -DGDBDEBUG   conftest.c -lm   >&5
conftest.c:18:6: warning: conflicting types for built-in function 'sin' [-Wbuiltin-declaration-mismatch]
 char sin ();
      ^~~
configure:3735: $? = 0
configure:3744: result: yes
configure:3762: checking how to run the C preprocessor
configure:3793: mpicc -E  conftest.c
configure:3793: $? = 0
configure:3807: mpicc -E  conftest.c
conftest.c:12:10: fatal error: ac_nonexistent.h: No such file or directory
 #include <ac_nonexistent.h>
          ^~~~~~~~~~~~~~~~~~
compilation terminated.
configure:3807: $? = 1
configure: failed program was:
| /* confdefs.h */
| #define PACKAGE_NAME "Effercio"
| #define PACKAGE_TARNAME "effercio"
| #define PACKAGE_VERSION "1.1.1"
| #define PACKAGE_STRING "Effercio 1.1.1"
| #define PACKAGE_BUGREPORT "effercio@stjude.org"
| #define PACKAGE_URL ""
| #define PACKAGE "effercio"
| #define VERSION "1.1.1"
| #define HAVE_LIBM 1
| /* end confdefs.h.  */
| #include <ac_nonexistent.h>
configure:3832: result: mpicc -E
configure:3852: mpicc -E  conftest.c
configure:3852: $? = 0
configure:3866: mpicc -E  conftest.c
conftest.c:12:10: fatal error: ac_nonexistent.h: No such file or directory
 #include <ac_nonexistent.h>
          ^~~~~~~~~~~~~~~~~~
compilation terminated.
configure:3866: $? = 1
configure: failed program was:
| /* confdefs.h */
| #define PACKAGE_NAME "Effercio"
| #define PACKAGE_TARNAME "effercio"
| #define PACKAGE_VERSION "1.1.1"
| #define PACKAGE_STRING "Effercio 1.1.1"
| #define PACKAGE_BUGREPORT "effercio@stjude.org"
| #define PACKAGE_URL ""
| #define PACKAGE "effercio"
| #define VERSION "1.1.1"
| #define HAVE_LIBM 1
| /* end confdefs.h.  */
| #include <ac_nonexistent.h>
configure:3895: checking for grep that handles long lines and -e
configure:3953: result: /usr/bin/grep
configure:3958: checking for egrep
configure:4020: result: /usr/bin/grep -E
configure:4025: checking for ANSI C header files
configure:4045: mpicc -c -ggdb -O0 -DDEBUG -DGDBDEBUG  conftest.c >&5
configure:4045: $? = 0
configure:4118: mpicc -o conftest -ggdb -O0 -DDEBUG -DGDBDEBUG   conftest.c -lm  >&5
configure:4118: $? = 0
configure:4118: ./conftest
configure:4118: $? = 0
configure:4129: result: yes
configure:4142: checking for sys/types.h
configure:4142: mpicc -c -ggdb -O0 -DDEBUG -DGDBDEBUG  conftest.c >&5
configure:4142: $? = 0
configure:4142: result: yes
configure:4142: checking for sys/stat.h
configure:4142: mpicc -c -ggdb -O0 -DDEBUG -DGDBDEBUG  conftest.c >&5
configure:4142: $? = 0
configure:4142: result: yes
configure:4142: checking for stdlib.h
configure:4142: mpicc -c -ggdb -O0 -DDEBUG -DGDBDEBUG  conftest.c >&5
configure:4142: $? = 0
configure:4142: result: yes
configure:4142: checking for string.h
configure:4142: mpicc -c -ggdb -O0 -DDEBUG -DGDBDEBUG  conftest.c >&5
configure:4142: $? = 0
configure:4142: result: yes
configure:4142: checking for memory.h
configure:4142: mpicc -c -ggdb -O0 -DDEBUG -DGDBDEBUG  conftest.c >&5
configure:4142: $? = 0
configure:4142: result: yes
configure:4142: checking for strings.h
configure:4142: mpicc -c -ggdb -O0 -DDEBUG -DGDBDEBUG  conftest.c >&5
configure:4142: $? = 0
configure:4142: result: yes
configure:4142: checking for inttypes.h
configure:4142: mpicc -c -ggdb -O0 -DDEBUG -DGDBDEBUG  conftest.c >&5
configure:4142: $? = 0
configure:4142: result: yes
configure:4142: checking for stdint.h
configure:4142: mpicc -c -ggdb -O0 -DDEBUG -DGDBDEBUG  conftest.c >&5
configure:4142: $? = 0
configure:4142: result: yes
configure:4142: checking for unistd.h
configure:4142: mpicc -c -ggdb -O0 -DDEBUG -DGDBDEBUG  conftest.c >&5
configure:4142: $? = 0
configure:4142: result: yes
configure:4157: checking fcntl.h usability
configure:4157: mpicc -c -ggdb -O0 -DDEBUG -DGDBDEBUG  conftest.c >&5
configure:4157: $? = 0
configure:4157: result: yes
configure:4157: checking fcntl.h presence
configure:4157: mpicc -E  conftest.c
configure:4157: $? = 0
configure:4157: result: yes
configure:4157: checking for fcntl.h
configure:4157: result: yes
configure:4157: checking for inttypes.h
configure:4157: result: yes
configure:4157: checking limits.h usability
configure:4157: mpicc -c -ggdb -O0 -DDEBUG -DGDBDEBUG  conftest.c >&5
configure:4157: $? = 0
configure:4157: result: yes
configure:4157: checking limits.h presence
configure:4157: mpicc -E  conftest.c
configure:4157: $? = 0
configure:4157: result: yes
configure:4157: checking for limits.h
configure:4157: result: yes
configure:4157: checking stddef.h usability
configure:4157: mpicc -c -ggdb -O0 -DDEBUG -DGDBDEBUG  conftest.c >&5
configure:4157: $? = 0
configure:4157: result: yes
configure:4157: checking stddef.h presence
configure:4157: mpicc -E  conftest.c
configure:4157: $? = 0
configure:4157: result: yes
configure:4157: checking for stddef.h
configure:4157: result: yes
configure:4157: checking for stdlib.h
configure:4157: result: yes
configure:4157: checking for string.h
configure:4157: result: yes
configure:4157: checking for unistd.h
configure:4157: result: yes
configure:4172: checking for pid_t
configure:4172: mpicc -c -ggdb -O0 -DDEBUG -DGDBDEBUG  conftest.c >&5
configure:4172: $? = 0
configure:4172: mpicc -c -ggdb -O0 -DDEBUG -DGDBDEBUG  conftest.c >&5
conftest.c: In function 'main':
conftest.c:65:20: error: expected expression before ')' token
 if (sizeof ((pid_t)))
                    ^
configure:4172: $? = 1
configure: failed program was:
| /* confdefs.h */
| #define PACKAGE_NAME "Effercio"
| #define PACKAGE_TARNAME "effercio"
| #define PACKAGE_VERSION "1.1.1"
| #define PACKAGE_STRING "Effercio 1.1.1"
| #define PACKAGE_BUGREPORT "effercio@stjude.org"
| #define PACKAGE_URL ""
| #define PACKAGE "effercio"
| #define VERSION "1.1.1"
| #define HAVE_LIBM 1
| #define STDC_HEADERS 1
| #define HAVE_SYS_TYPES_H 1
| #define HAVE_SYS_STAT_H 1
| #define HAVE_STDLIB_H 1
| #define HAVE_STRING_H 1
| #define HAVE_MEMORY_H 1
| #define HAVE_STRINGS_H 1
| #define HAVE_INTTYPES_H 1
| #define HAVE_STDINT_H 1
| #define HAVE_UNISTD_H 1
| #define HAVE_FCNTL_H 1
| #define HAVE_INTTYPES_H 1
| #define HAVE_LIMITS_H 1
| #define HAVE_STDDEF_H 1
| #define HAVE_STDLIB_H 1
| #define HAVE_STRING_H 1
| #define HAVE_UNISTD_H 1
| /* end confdefs.h.  */
| #include <stdio.h>
| #ifdef HAVE_SYS_TYPES_H
| # include <sys/types.h>
| #endif
| #ifdef HAVE_SYS_STAT_H
| # include <sys/stat.h>
| #endif
| #ifdef STDC_HEADERS
| # include <stdlib.h>
| # include <stddef.h>
| #else
| # ifdef HAVE_STDLIB_H
| #  include <stdlib.h>
| # endif
| #endif
| #ifdef HAVE_STRING_H
| # if !defined STDC_HEADERS && defined HAVE_MEMORY_H
| #  include <memory.h>
| # endif
| # include <string.h>
| #endif
| #ifdef HAVE_STRINGS_H
| # include <strings.h>
| #endif
| #ifdef HAVE_INTTYPES_H
| # include <inttypes.h>
| #endif
| #ifdef HAVE_STDINT_H
| # include <stdint.h>
| #endif
| #ifdef HAVE_UNISTD_H
| # include <unistd.h>
| #endif
| int
| main ()
| {
| if (sizeof ((pid_t)))
| 	    return 0;
|   ;
|   return 0;
| }
configure:4172: result: yes
configure:4183: checking for size_t
configure:4183: mpicc -c -ggdb -O0 -DDEBUG -DGDBDEBUG  conftest.c >&5
configure:4183: $? = 0
configure:4183: mpicc -c -ggdb -O0 -DDEBUG -DGDBDEBUG  conftest.c >&5
conftest.c: In function 'main':
conftest.c:65:21: error: expected expression before ')' token
 if (sizeof ((size_t)))
                     ^
configure:4183: $? = 1
configure: failed program was:
| /* confdefs.h */
| #define PACKAGE_NAME "Effercio"
| #define PACKAGE_TARNAME "effercio"
| #define PACKAGE_VERSION "1.1.1"
| #define PACKAGE_STRING "Effercio 1.1.1"
| #define PACKAGE_BUGREPORT "effercio@stjude.org"
| #define PACKAGE_URL ""
| #define PACKAGE "effercio"
| #define VERSION "1.1.1"
| #define HAVE_LIBM 1
| #define STDC_HEADERS 1
| #define HAVE_SYS_TYPES_H 1
| #define HAVE_SYS_STAT_H 1
| #define HAVE_STDLIB_H 1
| #define HAVE_STRING_H 1
| #define HAVE_MEMORY_H 1
| #define HAVE_STRINGS_H 1
| #define HAVE_INTTYPES_H 1
| #define HAVE_STDINT_H 1
| #define HAVE_UNISTD_H 1
| #define HAVE_FCNTL_H 1
| #define HAVE_INTTYPES_H 1
| #define HAVE_LIMITS_H 1
| #define HAVE_STDDEF_H 1
| #define HAVE_STDLIB_H 1
| #define HAVE_STRING_H 1
| #define HAVE_UNISTD_H 1
| /* end confdefs.h.  */
| #include <stdio.h>
| #ifdef HAVE_SYS_TYPES_H
| # include <sys/types.h>
| #endif
| #ifdef HAVE_SYS_STAT_H
| # include <sys/stat.h>
| #endif
| #ifdef STDC_HEADERS
| # include <stdlib.h>
| # include <stddef.h>
| #else
| # ifdef HAVE_STDLIB_H
| #  include <stdlib.h>
| # endif
| #endif
| #ifdef HAVE_STRING_H
| # if !defined STDC_HEADERS && defined HAVE_MEMORY_H
| #  include <memory.h>
| # endif
| # include <string.h>
| #endif
| #ifdef HAVE_STRINGS_H
| # include <strings.h>
| #endif
| #ifdef HAVE_INTTYPES_H
| # include <inttypes.h>
| #endif
| #ifdef HAVE_STDINT_H
| # include <stdint.h>
| #endif
| #ifdef HAVE_UNISTD_H
| # include <unistd.h>
| #endif
| int
| main ()
| {
| if (sizeof ((size_t)))
| 	    return 0;
|   ;
|   return 0;
| }
configure:4183: result: yes
configure:4197: checking for ptrdiff_t
configure:4197: mpicc -c -ggdb -O0 -DDEBUG -DGDBDEBUG  conftest.c >&5
configure:4197: $? = 0
configure:4197: mpicc -c -ggdb -O0 -DDEBUG -DGDBDEBUG  conftest.c >&5
conftest.c: In function 'main':
conftest.c:65:24: error: expected expression before ')' token
 if (sizeof ((ptrdiff_t)))
                        ^
configure:4197: $? = 1
configure: failed program was:
| /* confdefs.h */
| #define PACKAGE_NAME "Effercio"
| #define PACKAGE_TARNAME "effercio"
| #define PACKAGE_VERSION "1.1.1"
| #define PACKAGE_STRING "Effercio 1.1.1"
| #define PACKAGE_BUGREPORT "effercio@stjude.org"
| #define PACKAGE_URL ""
| #define PACKAGE "effercio"
| #define VERSION "1.1.1"
| #define HAVE_LIBM 1
| #define STDC_HEADERS 1
| #define HAVE_SYS_TYPES_H 1
| #define HAVE_SYS_STAT_H 1
| #define HAVE_STDLIB_H 1
| #define HAVE_STRING_H 1
| #define HAVE_MEMORY_H 1
| #define HAVE_STRINGS_H 1
| #define HAVE_INTTYPES_H 1
| #define HAVE_STDINT_H 1
| #define HAVE_UNISTD_H 1
| #define HAVE_FCNTL_H 1
| #define HAVE_INTTYPES_H 1
| #define HAVE_LIMITS_H 1
| #define HAVE_STDDEF_H 1
| #define HAVE_STDLIB_H 1
| #define HAVE_STRING_H 1
| #define HAVE_UNISTD_H 1
| /* end confdefs.h.  */
| #include <stdio.h>
| #ifdef HAVE_SYS_TYPES_H
| # include <sys/types.h>
| #endif
| #ifdef HAVE_SYS_STAT_H
| # include <sys/stat.h>
| #endif
| #ifdef STDC_HEADERS
| # include <stdlib.h>
| # include <stddef.h>
| #else
| # ifdef HAVE_STDLIB_H
| #  include <stdlib.h>
| # endif
| #endif
| #ifdef HAVE_STRING_H
| # if !defined STDC_HEADERS && defined HAVE_MEMORY_H
| #  include <memory.h>
| # endif
| # include <string.h>
| #endif
| #ifdef HAVE_STRINGS_H
| # include <strings.h>
| #endif
| #ifdef HAVE_INTTYPES_H
| # include <inttypes.h>
| #endif
| #ifdef HAVE_STDINT_H
| # include <stdint.h>
| #endif
| #ifdef HAVE_UNISTD_H
| # include <unistd.h>
| #endif
| int
| main ()
| {
| if (sizeof ((ptrdiff_t)))
| 	    return 0;
|   ;
|   return 0;
| }
configure:4197: result: yes
configure:4211: checking for stdlib.h
configure:4211: result: yes
configure:4221: checking for GNU libc compatible malloc
configure:4245: mpicc -o conftest -ggdb -O0 -DDEBUG -DGDBDEBUG   conftest.c -lm  >&5
configure:4245: $? = 0
configure:4245: ./conftest
configure:4245: $? = 0
configure:4255: result: yes
configure:4282: checking for stdlib.h
configure:4282: result: yes
configure:4282: checking for unistd.h
configure:4282: result: yes
configure:4282: checking for sys/param.h
configure:4282: mpicc -c -ggdb -O0 -DDEBUG -DGDBDEBUG  conftest.c >&5
configure:4282: $? = 0
configure:4282: result: yes
configure:4302: checking for getpagesize
configure:4302: mpicc -o conftest -ggdb -O0 -DDEBUG -DGDBDEBUG   conftest.c -lm  >&5
configure:4302: $? = 0
configure:4302: result: yes
configure:4311: checking for working mmap
configure:4460: mpicc -o conftest -ggdb -O0 -DDEBUG -DGDBDEBUG   conftest.c -lm  >&5
configure:4460: $? = 0
configure:4460: ./conftest
configure:4460: $? = 0
configure:4470: result: yes
configure:4481: checking for stdlib.h
configure:4481: result: yes
configure:4491: checking for GNU libc compatible realloc
configure:4515: mpicc -o conftest -ggdb -O0 -DDEBUG -DGDBDEBUG   conftest.c -lm  >&5
configure:4515: $? = 0
configure:4515: ./conftest
configure:4515: $? = 0
configure:4525: result: yes
configure:4546: checking for working strtod
configure:4587: mpicc -o conftest -ggdb -O0 -DDEBUG -DGDBDEBUG   conftest.c -lm  >&5
configure:4587: $? = 0
configure:4587: ./conftest
configure:4587: $? = 0
configure:4597: result: yes
configure:4661: checking vfork.h usability
configure:4661: mpicc -c -ggdb -O0 -DDEBUG -DGDBDEBUG  conftest.c >&5
conftest.c:72:10: fatal error: vfork.h: No such file or directory
 #include <vfork.h>
          ^~~~~~~~~
compilation terminated.
configure:4661: $? = 1
configure: failed program was:
| /* confdefs.h */
| #define PACKAGE_NAME "Effercio"
| #define PACKAGE_TARNAME "effercio"
| #define PACKAGE_VERSION "1.1.1"
| #define PACKAGE_STRING "Effercio 1.1.1"
| #define PACKAGE_BUGREPORT "effercio@stjude.org"
| #define PACKAGE_URL ""
| #define PACKAGE "effercio"
| #define VERSION "1.1.1"
| #define HAVE_LIBM 1
| #define STDC_HEADERS 1
| #define HAVE_SYS_TYPES_H 1
| #define HAVE_SYS_STAT_H 1
| #define HAVE_STDLIB_H 1
| #define HAVE_STRING_H 1
| #define HAVE_MEMORY_H 1
| #define HAVE_STRINGS_H 1
| #define HAVE_INTTYPES_H 1
| #define HAVE_STDINT_H 1
| #define HAVE_UNISTD_H 1
| #define HAVE_FCNTL_H 1
| #define HAVE_INTTYPES_H 1
| #define HAVE_LIMITS_H 1
| #define HAVE_STDDEF_H 1
| #define HAVE_STDLIB_H 1
| #define HAVE_STRING_H 1
| #define HAVE_UNISTD_H 1
| #define HAVE_PTRDIFF_T 1
| #define HAVE_STDLIB_H 1
| #define HAVE_MALLOC 1
| #define HAVE_STDLIB_H 1
| #define HAVE_UNISTD_H 1
| #define HAVE_SYS_PARAM_H 1
| #define HAVE_GETPAGESIZE 1
| #define HAVE_MMAP 1
| #define HAVE_STDLIB_H 1
| #define HAVE_REALLOC 1
| /* end confdefs.h.  */
| #include <stdio.h>
| #ifdef HAVE_SYS_TYPES_H
| # include <sys/types.h>
| #endif
| #ifdef HAVE_SYS_STAT_H
| # include <sys/stat.h>
| #endif
| #ifdef STDC_HEADERS
| # include <stdlib.h>
| # include <stddef.h>
| #else
| # ifdef HAVE_STDLIB_H
| #  include <stdlib.h>
| # endif
| #endif
| #ifdef HAVE_STRING_H
| # if !defined STDC_HEADERS && defined HAVE_MEMORY_H
| #  include <memory.h>
| # endif
| # include <string.h>
| #endif
| #ifdef HAVE_STRINGS_H
| # include <strings.h>
| #endif
| #ifdef HAVE_INTTYPES_H
| # include <inttypes.h>
| #endif
| #ifdef HAVE_STDINT_H
| # include <stdint.h>
| #endif
| #ifdef HAVE_UNISTD_H
| # include <unistd.h>
| #endif
| #include <vfork.h>
configure:4661: result: no
configure:4661: checking vfork.h presence
configure:4661: mpicc -E  conftest.c
conftest.c:39:10: fatal error: vfork.h: No such file or directory
 #include <vfork.h>
          ^~~~~~~~~
compilation terminated.
configure:4661: $? = 1
configure: failed program was:
| /* confdefs.h */
| #define PACKAGE_NAME "Effercio"
| #define PACKAGE_TARNAME "effercio"
| #define PACKAGE_VERSION "1.1.1"
| #define PACKAGE_STRING "Effercio 1.1.1"
| #define PACKAGE_BUGREPORT "effercio@stjude.org"
| #define PACKAGE_URL ""
| #define PACKAGE "effercio"
| #define VERSION "1.1.1"
| #define HAVE_LIBM 1
| #define STDC_HEADERS 1
| #define HAVE_SYS_TYPES_H 1
| #define HAVE_SYS_STAT_H 1
| #define HAVE_STDLIB_H 1
| #define HAVE_STRING_H 1
| #define HAVE_MEMORY_H 1
| #define HAVE_STRINGS_H 1
| #define HAVE_INTTYPES_H 1
| #define HAVE_STDINT_H 1
| #define HAVE_UNISTD_H 1
| #define HAVE_FCNTL_H 1
| #define HAVE_INTTYPES_H 1
| #define HAVE_LIMITS_H 1
| #define HAVE_STDDEF_H 1
| #define HAVE_STDLIB_H 1
| #define HAVE_STRING_H 1
| #define HAVE_UNISTD_H 1
| #define HAVE_PTRDIFF_T 1
| #define HAVE_STDLIB_H 1
| #define HAVE_MALLOC 1
| #define HAVE_STDLIB_H 1
| #define HAVE_UNISTD_H 1
| #define HAVE_SYS_PARAM_H 1
| #define HAVE_GETPAGESIZE 1
| #define HAVE_MMAP 1
| #define HAVE_STDLIB_H 1
| #define HAVE_REALLOC 1
| /* end confdefs.h.  */
| #include <vfork.h>
configure:4661: result: no
configure:4661: checking for vfork.h
configure:4661: result: no
configure:4674: checking for fork
configure:4674: mpicc -o conftest -ggdb -O0 -DDEBUG -DGDBDEBUG   conftest.c -lm  >&5
conftest.c:62:6: warning: conflicting types for built-in function 'fork' [-Wbuiltin-declaration-mismatch]
 char fork ();
      ^~~~
configure:4674: $? = 0
configure:4674: result: yes
configure:4674: checking for vfork
configure:4674: mpicc -o conftest -ggdb -O0 -DDEBUG -DGDBDEBUG   conftest.c -lm  >&5
configure:4674: $? = 0
configure:4674: result: yes
configure:4684: checking for working fork
configure:4706: mpicc -o conftest -ggdb -O0 -DDEBUG -DGDBDEBUG   conftest.c -lm  >&5
configure:4706: $? = 0
configure:4706: ./conftest
configure:4706: $? = 0
configure:4716: result: yes
configure:4737: checking for working vfork
configure:4847: result: yes
configure:4875: checking for atexit
configure:4875: mpicc -o conftest -ggdb -O0 -DDEBUG -DGDBDEBUG   conftest.c -lm  >&5
configure:4875: $? = 0
configure:4875: result: yes
configure:4875: checking for floor
configure:4875: mpicc -o conftest -ggdb -O0 -DDEBUG -DGDBDEBUG   conftest.c -lm  >&5
conftest.c:67:6: warning: conflicting types for built-in function 'floor' [-Wbuiltin-declaration-mismatch]
 char floor ();
      ^~~~~
configure:4875: $? = 0
configure:4875: result: yes
configure:4875: checking for ftruncate
configure:4875: mpicc -o conftest -ggdb -O0 -DDEBUG -DGDBDEBUG   conftest.c -lm  >&5
configure:4875: $? = 0
configure:4875: result: yes
configure:4875: checking for getcwd
configure:4875: mpicc -o conftest -ggdb -O0 -DDEBUG -DGDBDEBUG   conftest.c -lm  >&5
configure:4875: $? = 0
configure:4875: result: yes
configure:4875: checking for gethostname
configure:4875: mpicc -o conftest -ggdb -O0 -DDEBUG -DGDBDEBUG   conftest.c -lm  >&5
configure:4875: $? = 0
configure:4875: result: yes
configure:4875: checking for memset
configure:4875: mpicc -o conftest -ggdb -O0 -DDEBUG -DGDBDEBUG   conftest.c -lm  >&5
conftest.c:71:6: warning: conflicting types for built-in function 'memset' [-Wbuiltin-declaration-mismatch]
 char memset ();
      ^~~~~~
configure:4875: $? = 0
configure:4875: result: yes
configure:4875: checking for mkdir
configure:4875: mpicc -o conftest -ggdb -O0 -DDEBUG -DGDBDEBUG   conftest.c -lm  >&5
configure:4875: $? = 0
configure:4875: result: yes
configure:4875: checking for munmap
configure:4875: mpicc -o conftest -ggdb -O0 -DDEBUG -DGDBDEBUG   conftest.c -lm  >&5
configure:4875: $? = 0
configure:4875: result: yes
configure:4875: checking for strchr
configure:4875: mpicc -o conftest -ggdb -O0 -DDEBUG -DGDBDEBUG   conftest.c -lm  >&5
conftest.c:74:6: warning: conflicting types for built-in function 'strchr' [-Wbuiltin-declaration-mismatch]
 char strchr ();
      ^~~~~~
configure:4875: $? = 0
configure:4875: result: yes
configure:4875: checking for strdup
configure:4875: mpicc -o conftest -ggdb -O0 -DDEBUG -DGDBDEBUG   conftest.c -lm  >&5
conftest.c:75:6: warning: conflicting types for built-in function 'strdup' [-Wbuiltin-declaration-mismatch]
 char strdup ();
      ^~~~~~
configure:4875: $? = 0
configure:4875: result: yes
configure:4875: checking for strerror
configure:4875: mpicc -o conftest -ggdb -O0 -DDEBUG -DGDBDEBUG   conftest.c -lm  >&5
configure:4875: $? = 0
configure:4875: result: yes
configure:4875: checking for strrchr
configure:4875: mpicc -o conftest -ggdb -O0 -DDEBUG -DGDBDEBUG   conftest.c -lm  >&5
conftest.c:77:6: warning: conflicting types for built-in function 'strrchr' [-Wbuiltin-declaration-mismatch]
 char strrchr ();
      ^~~~~~~
configure:4875: $? = 0
configure:4875: result: yes
configure:4875: checking for strspn
configure:4875: mpicc -o conftest -ggdb -O0 -DDEBUG -DGDBDEBUG   conftest.c -lm  >&5
conftest.c:78:6: warning: conflicting types for built-in function 'strspn' [-Wbuiltin-declaration-mismatch]
 char strspn ();
      ^~~~~~
configure:4875: $? = 0
configure:4875: result: yes
configure:4875: checking for strstr
configure:4875: mpicc -o conftest -ggdb -O0 -DDEBUG -DGDBDEBUG   conftest.c -lm  >&5
conftest.c:79:6: warning: conflicting types for built-in function 'strstr' [-Wbuiltin-declaration-mismatch]
 char strstr ();
      ^~~~~~
configure:4875: $? = 0
configure:4875: result: yes
configure:4886: checking static build
configure:4895: result: no
configure:4902: checking use debug mode
configure:4911: result: no
configure:4921: checking transfer block size
configure:4936: result: 10 kilobytes
configure:4940: checking scratch space
configure:4958: checking autodock version
configure:4979: checking autodock path
configure:4990: result: /opt/AutoDock/4.2.6/gnu/8.2.0/bin/autodock4
configure:4999: checking MGL Tools path
configure:5009: result: /opt/MGLTools/1.5.7
configure:5076: checking Mopac
configure:5086: result: /opt/mopac/2016
configure:5216: checking that generated files are newer than configure
configure:5222: result: done
configure:5245: creating ./config.status

## ---------------- ##
## Cache variables. ##
## ---------------- ##

ac_cv_c_compiler_gnu=yes
ac_cv_env_CC_set=set
ac_cv_env_CC_value=mpicc
ac_cv_env_CFLAGS_set=set
ac_cv_env_CFLAGS_value='-ggdb -O0 -DDEBUG -DGDBDEBUG'
ac_cv_env_CPPFLAGS_set=
ac_cv_env_CPPFLAGS_value=
ac_cv_env_CPP_set=
ac_cv_env_CPP_value=
ac_cv_env_LDFLAGS_set=
ac_cv_env_LDFLAGS_value=
ac_cv_env_LIBS_set=
ac_cv_env_LIBS_value=
ac_cv_env_build_alias_set=
ac_cv_env_build_alias_value=
ac_cv_env_host_alias_set=
ac_cv_env_host_alias_value=
ac_cv_env_target_alias_set=
ac_cv_env_target_alias_value=
ac_cv_func_atexit=yes
ac_cv_func_floor=yes
ac_cv_func_fork=yes
ac_cv_func_fork_works=yes
ac_cv_func_ftruncate=yes
ac_cv_func_getcwd=yes
ac_cv_func_gethostname=yes
ac_cv_func_getpagesize=yes
ac_cv_func_malloc_0_nonnull=yes
ac_cv_func_memset=yes
ac_cv_func_mkdir=yes
ac_cv_func_mmap_fixed_mapped=yes
ac_cv_func_munmap=yes
ac_cv_func_realloc_0_nonnull=yes
ac_cv_func_strchr=yes
ac_cv_func_strdup=yes
ac_cv_func_strerror=yes
ac_cv_func_strrchr=yes
ac_cv_func_strspn=yes
ac_cv_func_strstr=yes
ac_cv_func_strtod=yes
ac_cv_func_vfork=yes
ac_cv_func_vfork_works=yes
ac_cv_header_fcntl_h=yes
ac_cv_header_inttypes_h=yes
ac_cv_header_limits_h=yes
ac_cv_header_memory_h=yes
ac_cv_header_stdc=yes
ac_cv_header_stddef_h=yes
ac_cv_header_stdint_h=yes
ac_cv_header_stdlib_h=yes
ac_cv_header_string_h=yes
ac_cv_header_strings_h=yes
ac_cv_header_sys_param_h=yes
ac_cv_header_sys_stat_h=yes
ac_cv_header_sys_types_h=yes
ac_cv_header_unistd_h=yes
ac_cv_header_vfork_h=no
ac_cv_lib_m_sin=yes
ac_cv_objext=o
ac_cv_path_EGREP='/usr/bin/grep -E'
ac_cv_path_GREP=/usr/bin/grep
ac_cv_path_install='/usr/bin/install -c'
ac_cv_path_mkdir=/usr/bin/mkdir
ac_cv_prog_AWK=gawk
ac_cv_prog_CPP='mpicc -E'
ac_cv_prog_cc_c89=
ac_cv_prog_cc_g=yes
ac_cv_prog_make_make_set=yes
ac_cv_type_pid_t=yes
ac_cv_type_ptrdiff_t=yes
ac_cv_type_size_t=yes
am_cv_CC_dependencies_compiler_type=gcc3
am_cv_make_support_nested_variables=yes
am_cv_prog_cc_c_o=yes

## ----------------- ##
## Output variables. ##
## ----------------- ##

ACLOCAL='${SHELL} /home/aferreira/Programming/Effercio/missing aclocal-1.16'
AMDEPBACKSLASH='\'
AMDEP_FALSE='#'
AMDEP_TRUE=''
AMTAR='$${TAR-tar}'
AM_BACKSLASH='\'
AM_DEFAULT_V='$(AM_DEFAULT_VERBOSITY)'
AM_DEFAULT_VERBOSITY='1'
AM_V='$(V)'
AUTOCONF='${SHELL} /home/aferreira/Programming/Effercio/missing autoconf'
AUTOHEADER='${SHELL} /home/aferreira/Programming/Effercio/missing autoheader'
AUTOMAKE='${SHELL} /home/aferreira/Programming/Effercio/missing automake-1.16'
AWK='gawk'
CC='mpicc'
CCDEPMODE='depmode=gcc3'
CFLAGS='-ggdb -O0 -DDEBUG -DGDBDEBUG'
CPP='mpicc -E'
CPPFLAGS=''
CYGPATH_W='echo'
DEFS='-DHAVE_CONFIG_H'
DEPDIR='.deps'
ECHO_C=''
ECHO_N='-n'
ECHO_T=''
EGREP='/usr/bin/grep -E'
EXEEXT=''
GREP='/usr/bin/grep'
INSTALL_DATA='${INSTALL} -m 644'
INSTALL_PROGRAM='${INSTALL}'
INSTALL_SCRIPT='${INSTALL}'
INSTALL_STRIP_PROGRAM='$(install_sh) -c -s'
LDFLAGS=''
LIBOBJS=''
LIBS='-lm '
LTLIBOBJS=''
MAKEINFO='${SHELL} /home/aferreira/Programming/Effercio/missing makeinfo'
MKDIR_P='/usr/bin/mkdir -p'
OBJEXT='o'
PACKAGE='effercio'
PACKAGE_BUGREPORT='effercio@stjude.org'
PACKAGE_NAME='Effercio'
PACKAGE_STRING='Effercio 1.1.1'
PACKAGE_TARNAME='effercio'
PACKAGE_URL=''
PACKAGE_VERSION='1.1.1'
PATH_SEPARATOR=':'
POW_LIB=''
SET_MAKE=''
SHELL='/bin/sh'
STRIP=''
VERSION='1.1.1'
ac_ct_CC=''
am__EXEEXT_FALSE=''
am__EXEEXT_TRUE='#'
am__fastdepCC_FALSE='#'
am__fastdepCC_TRUE=''
am__include='include'
am__isrc=''
am__leading_dot='.'
am__nodep='_no'
am__quote=''
am__tar='$${TAR-tar} chof - "$$tardir"'
am__untar='$${TAR-tar} xf -'
bindir='${exec_prefix}/bin'
build_alias=''
datadir='${datarootdir}'
datarootdir='${prefix}/share'
docdir='${datarootdir}/doc/${PACKAGE_TARNAME}'
dvidir='${docdir}'
exec_prefix='${prefix}'
host_alias=''
htmldir='${docdir}'
includedir='${prefix}/include'
infodir='${datarootdir}/info'
install_sh='${SHELL} /home/aferreira/Programming/Effercio/install-sh'
libdir='${exec_prefix}/lib'
libexecdir='${exec_prefix}/libexec'
localedir='${datarootdir}/locale'
localstatedir='${prefix}/var'
mandir='${datarootdir}/man'
mkdir_p='$(MKDIR_P)'
oldincludedir='/usr/include'
pdfdir='${docdir}'
prefix='/usr/local'
program_transform_name='s,x,x,'
psdir='${docdir}'
runstatedir='${localstatedir}/run'
sbindir='${exec_prefix}/sbin'
sharedstatedir='${prefix}/com'
sysconfdir='${prefix}/etc'
target_alias=''

## ----------- ##
## confdefs.h. ##
## ----------- ##

/* confdefs.h */
#define PACKAGE_NAME "Effercio"
#define PACKAGE_TARNAME "effercio"
#define PACKAGE_VERSION "1.1.1"
#define PACKAGE_STRING "Effercio 1.1.1"
#define PACKAGE_BUGREPORT "effercio@stjude.org"
#define PACKAGE_URL ""
#define PACKAGE "effercio"
#define VERSION "1.1.1"
#define HAVE_LIBM 1
#define STDC_HEADERS 1
#define HAVE_SYS_TYPES_H 1
#define HAVE_SYS_STAT_H 1
#define HAVE_STDLIB_H 1
#define HAVE_STRING_H 1
#define HAVE_MEMORY_H 1
#define HAVE_STRINGS_H 1
#define HAVE_INTTYPES_H 1
#define HAVE_STDINT_H 1
#define HAVE_UNISTD_H 1
#define HAVE_FCNTL_H 1
#define HAVE_INTTYPES_H 1
#define HAVE_LIMITS_H 1
#define HAVE_STDDEF_H 1
#define HAVE_STDLIB_H 1
#define HAVE_STRING_H 1
#define HAVE_UNISTD_H 1
#define HAVE_PTRDIFF_T 1
#define HAVE_STDLIB_H 1
#define HAVE_MALLOC 1
#define HAVE_STDLIB_H 1
#define HAVE_UNISTD_H 1
#define HAVE_SYS_PARAM_H 1
#define HAVE_GETPAGESIZE 1
#define HAVE_MMAP 1
#define HAVE_STDLIB_H 1
#define HAVE_REALLOC 1
#define HAVE_FORK 1
#define HAVE_VFORK 1
#define HAVE_WORKING_VFORK 1
#define HAVE_WORKING_FORK 1
#define HAVE_ATEXIT 1
#define HAVE_FLOOR 1
#define HAVE_FTRUNCATE 1
#define HAVE_GETCWD 1
#define HAVE_GETHOSTNAME 1
#define HAVE_MEMSET 1
#define HAVE_MKDIR 1
#define HAVE_MUNMAP 1
#define HAVE_STRCHR 1
#define HAVE_STRDUP 1
#define HAVE_STRERROR 1
#define HAVE_STRRCHR 1
#define HAVE_STRSPN 1
#define HAVE_STRSTR 1
#define MSG_BUFSIZ 10
#define AUTODOCK_VER "4.2"
#define AUTODOCK_EXE "/opt/AutoDock/4.2.6/gnu/8.2.0/bin/autodock4"
#define MGL_TOOLS "/opt/MGLTools/1.5.7/MGLToolsPckgs/AutoDockTools/Utilities24/"
#define MGL_BIN_DIR "/opt/MGLTools/1.5.7/bin"
#define envMGL_ROOT "MGL_ROOT=/opt/MGLTools/1.5.7"
#define envARCHOSV "MGL_ARCHOSV=x86_64Linux2"
#define envMGL_EXTRALIBS "MGL_EXTRALIBS=/opt/MGLTools/1.5.7/lib"
#define envMGL_EXTRAINCLUDE "MGL_EXTRAINCLUDE=/opt/MGLTools/1.5.7/include"
#define envTCL_LIBRARY "TCL_LIBRARY=/opt/MGLTools/1.5.7/tcl8.4"
#define envTK_LIBRARY "TK_LIBRARY=/opt/MGLTools/1.5.7/tk8.4"
#define envLD_LIBRARY "LD_LIBRARY_PATH=/opt/MGLTools/1.5.7/lib"
#define envPYTHONHOME "PYTHONHOME=/opt/MGLTools/1.5.7"
#define envPYTHONPATH "PYTHONPATH=/opt/MGLTools/1.5.7/MGLToolsPckgs"
#define envPATH "PATH=/opt/openmpi/3.1.6/gnu/8.2.0/bin:/opt/gcc/8.2.0/bin:/usr/lib64/qt-3.3/bin:/usr/local/cuda/bin:/usr/local/bin:/usr/local/sbin:/usr/bin:/usr/sbin:/bin:/sbin:/home/aferreira/Software/go/bin:/opt/MGLTools/1.5.7"
#define MOPAC_EXE "mopac"
#define MOPAC_HOME "/opt/mopac/2016/"
#define envMOPAC_LIC "/opt/mopac/2016/"

configure: exit 0

## ---------------------- ##
## Running config.status. ##
## ---------------------- ##

This file was extended by Effercio config.status 1.1.1, which was
generated by GNU Autoconf 2.69.  Invocation command line was

  CONFIG_FILES    = 
  CONFIG_HEADERS  = 
  CONFIG_LINKS    = 
  CONFIG_COMMANDS = 
  $ ./config.status 

on ccg52

config.status:910: creating Makefile
config.status:910: creating source/Makefile
config.status:910: creating config.h
config.status:1139: executing depfiles commands
config.status:1216: cd source       && sed -e '/# am--include-marker/d' Makefile         | make -f - am--depfiles
make[1]: Entering directory `/home/aferreira/Programming/Effercio/source'
make[1]: Leaving directory `/home/aferreira/Programming/Effercio/source'
config.status:1221: $? = 0
